<?xml version="1.0" encoding="utf-8"?><testsuites name="pytest tests"><testsuite name="pytest" errors="0" failures="0" skipped="0" tests="23" time="13.552" timestamp="2026-08-29T16:47:20.711122+00:00" hostname="agent-env-30e1dec4-e232-4e20-b6b7-c672d3b448ce"><testcase classname="tests.backend_test.TestAgentsCRUD" name="test_agents_require_auth" time="0.249" /><testcase classname="tests.backend_test.TestAuth" name="test_root" time="0.184" /><testcase classname="tests.backend_test.TestAuth" name="test_me_with_bearer" time="0.187" /><testcase classname="tests.backend_test.TestAgentsCRUD" name="test_create_validation" time="0.159" /><testcase classname="tests.backend_test.TestAuth" name="test_me_with_cookie" time="0.239" /><testcase classname="tests.backend_test.TestAgentsCRUD" name="test_create_get_update_delete" time="0.530" /><testcase classname="tests.backend_test.TestAuth" name="test_me_unauthenticated" time="0.073" /><testcase classname="tests.backend_test.TestAuth" name="test_me_invalid_token" time="0.072" /><testcase classname="tests.backend_test.TestAuth" name="test_session_invalid_id" time="0.187" /><testcase classname="tests.backend_test.TestAgentsCRUD" name="test_get_nonexistent" time="0.073" /><testcase classname="tests.backend_test.TestAuth" name="test_session_missing_body" time="0.069" /><testcase classname="tests.backend_test.TestAgentsCRUD" name="test_update_nonexistent" time="0.072" /><testcase classname="tests.backend_test.TestAgentsCRUD" name="test_delete_nonexistent" time="0.074" /><testcase classname="tests.backend_test.TestChat" name="test_chat_requires_auth" time="0.189" /><testcase classname="tests.backend_test.TestAgentsCRUD" name="test_user_scoping" time="0.154" /><testcase classname="tests.backend_test.TestChat" name="test_chat_nonexistent_agent" time="0.117" /><testcase classname="tests.backend_test" name="test_model_interchangeability[anthropic-claude-sonnet-4-6]" time="5.176" /><testcase classname="tests.backend_test.TestChat" name="test_messages_empty_initially" time="0.073" /><testcase classname="tests.backend_test.TestChat" name="test_chat_openai_and_persistence" time="8.647" /><testcase classname="tests.backend_test" name="test_model_interchangeability[gemini-gemini-3-flash-preview]" time="6.451" /><testcase classname="tests.backend_test.TestChat" name="test_chat_history_order_second_turn" time="1.604" /><testcase classname="tests.backend_test.TestChat" name="test_chat_empty_message" time="0.077" /><testcase classname="tests.backend_test.TestChat" name="test_delete_agent_removes_messages" time="1.298" /></testsuite></testsuites>